<?xml version="1.0" encoding="UTF-8"?>
<!-- Generated by org.testng.reporters.JUnitXMLReporter -->
<testsuite ignored="1" hostname="LAPTOP-6UNA8P7R" failures="0" tests="1" name="Error Validation Test" time="29.103" errors="0" timestamp="2023-12-08T13:46:51 EST">
  <testcase classname="org.AppiumTestCases.eCommerce_TC1" name="fillForm_PositiveFlow" time="19.2"/>
  <testcase classname="org.AppiumTestCases.eCommerce_TC1" name="fillForm_ErrorValidation" time="0.0">
    <ignored/>
  </testcase> <!-- fillForm_ErrorValidation -->
</testsuite> <!-- Error Validation Test -->
