<?xml version="1.0" encoding="UTF-8"?>
<!-- Generated by org.testng.reporters.JUnitXMLReporter -->
<testsuite ignored="0" hostname="LAPTOP-6UNA8P7R" failures="1" tests="2" name="TestDiffrntPage" time="33.993" errors="0" timestamp="2024-11-14T23:50:56 EST">
  <testcase classname="org.AppiumTestCases.eCommerce_TC1_AddItem" name="AddItem" time="15.98"/>
  <testcase classname="org.AppiumTestCases.eCommerce_TC1_AddItem" name="SubmitForm" time="10.225">
    <failure type="org.openqa.selenium.NoSuchElementException" message="Can&amp;apos;t locate an element by this strategy: By.chained({AppiumBy.id: com.androidsample.generalstore:id/nameField})">
      <![CDATA[org.openqa.selenium.NoSuchElementException: Can't locate an element by this strategy: By.chained({AppiumBy.id: com.androidsample.generalstore:id/nameField})
at io.appium.java_client.pagefactory.AppiumElementLocator.findElement(AppiumElementLocator.java:166)
at io.appium.java_client.pagefactory.interceptors.InterceptorOfASingleElement.call(InterceptorOfASingleElement.java:64)
at io.appium.java_client.proxy.Interceptor.intercept(Interceptor.java:78)
at org.openqa.selenium.remote.RemoteWebElement$ByteBuddy$LOgxpjKt.sendKeys(Unknown Source)
at org.PageObject.FormPage.setNameField(FormPage.java:52)
at org.AppiumTestCases.eCommerce_TC1_AddItem.SubmitForm(eCommerce_TC1_AddItem.java:34)
at java.base/java.util.ArrayList.forEach(ArrayList.java:1511)
Caused by: org.openqa.selenium.TimeoutException: Expected condition failed: waiting for io.appium.java_client.pagefactory.AppiumElementLocator$WaitingFunction@19e21f89 (tried for 1 second(s) with 500 milliseconds interval)
at org.openqa.selenium.support.ui.FluentWait.timeoutException(FluentWait.java:262)
at org.openqa.selenium.support.ui.FluentWait.until(FluentWait.java:230)
at io.appium.java_client.pagefactory.AppiumElementLocator.waitFor(AppiumElementLocator.java:135)
at io.appium.java_client.pagefactory.AppiumElementLocator.findElement(AppiumElementLocator.java:160)
... 33 more
Caused by: org.openqa.selenium.NoSuchElementException: Cannot locate an element using By.chained({AppiumBy.id: com.androidsample.generalstore:id/nameField})
For documentation on this error, please visit: https://www.selenium.dev/documentation/webdriver/troubleshooting/errors#no-such-element-exception
Build info: version: '4.13.0', revision: 'ba948ece5b*'
System info: os.name: 'Windows 10', os.arch: 'amd64', os.version: '10.0', java.version: '17.0.7'
Driver info: driver.version: RemoteWebDriver
at io.appium.java_client.pagefactory.bys.builder.ByChained.findElement(ByChained.java:77)
at org.openqa.selenium.remote.ElementLocation$ElementFinder$1.findElement(ElementLocation.java:139)
at org.openqa.selenium.remote.ElementLocation.findElement(ElementLocation.java:59)
at org.openqa.selenium.remote.RemoteWebDriver.findElement(RemoteWebDriver.java:359)
at org.openqa.selenium.remote.RemoteWebDriver.findElement(RemoteWebDriver.java:353)
at io.appium.java_client.pagefactory.bys.ContentMappedBy.findElement(ContentMappedBy.java:53)
at org.openqa.selenium.remote.ElementLocation$ElementFinder$1.findElement(ElementLocation.java:139)
at org.openqa.selenium.remote.ElementLocation.findElement(ElementLocation.java:59)
at org.openqa.selenium.remote.RemoteWebDriver.findElement(RemoteWebDriver.java:359)
at org.openqa.selenium.remote.RemoteWebDriver.findElement(RemoteWebDriver.java:353)
at io.appium.java_client.pagefactory.AppiumElementLocator.lambda$findElement$1(AppiumElementLocator.java:160)
at io.appium.java_client.pagefactory.AppiumElementLocator$WaitingFunction.apply(AppiumElementLocator.java:217)
at io.appium.java_client.pagefactory.AppiumElementLocator$WaitingFunction.apply(AppiumElementLocator.java:210)
at org.openqa.selenium.support.ui.FluentWait.until(FluentWait.java:205)
... 35 more
... Removed 27 stack frames]]>
    </failure>
  </testcase> <!-- SubmitForm -->
</testsuite> <!-- TestDiffrntPage -->
