<?xml version="1.0" encoding="UTF-8"?>
<!-- Generated by org.testng.reporters.JUnitXMLReporter -->
<testsuite ignored="4" hostname="LAPTOP-6UNA8P7R" failures="0" tests="1" name="Test" time="29.066" errors="0" timestamp="19 Nov 2024 02:33:58 GMT">
  <testcase classname="org.AppiumTestCases.eCommerce_TC8_extentreport3" name="fillForm_ErrorValidation" time="9.048"/>
  <testcase classname="org.AppiumTestCases.eCommerce_TC8_extentreport3" name="fillForm_PositiveFlow" time="0.0">
    <ignored/>
  </testcase> <!-- fillForm_PositiveFlow -->
  <testcase classname="org.AppiumTestCases.eCommerce_TC7_Properties" name="fillForm" time="0.0">
    <ignored/>
  </testcase> <!-- fillForm -->
  <testcase classname="org.AppiumTestCases.eCommerce_TC5_withDataprovider" name="fillForm" time="0.0">
    <ignored/>
  </testcase> <!-- fillForm -->
  <testcase classname="org.AppiumTestCases.eCommerce_TC8_extentreport3" name="fillForm" time="0.0">
    <ignored/>
  </testcase> <!-- fillForm -->
</testsuite> <!-- Test -->
