<?xml version="1.0" encoding="UTF-8"?>
<!-- Generated by org.testng.reporters.JUnitXMLReporter -->
<testsuite hostname="LAPTOP-6UNA8P7R" ignored="4" name="Test" tests="1" failures="0" timestamp="19 Nov 2024 03:44:35 GMT" time="28.26" errors="0">
  <testcase name="fillForm_ErrorValidation" time="9.847" classname="org.AppiumTestCases.eCommerce_TC8_extentreport3"/>
  <testcase name="fillForm_PositiveFlow" time="0.0" classname="org.AppiumTestCases.eCommerce_TC8_extentreport3">
    <ignored/>
  </testcase> <!-- fillForm_PositiveFlow -->
  <testcase name="fillForm" time="0.0" classname="org.AppiumTestCases.eCommerce_TC7_Properties">
    <ignored/>
  </testcase> <!-- fillForm -->
  <testcase name="fillForm" time="0.0" classname="org.AppiumTestCases.eCommerce_TC5_withDataprovider">
    <ignored/>
  </testcase> <!-- fillForm -->
  <testcase name="fillForm" time="0.0" classname="org.AppiumTestCases.eCommerce_TC8_extentreport3">
    <ignored/>
  </testcase> <!-- fillForm -->
</testsuite> <!-- Test -->
