<?xml version="1.0" encoding="UTF-8"?>
<testng-results ignored="4" total="5" passed="1" failed="0" skipped="0">
  <reporter-output>
  </reporter-output>
  <suite started-at="2024-11-19T02:33:29Z" name="Suite" finished-at="2024-11-19T02:33:58Z" duration-ms="29066">
    <groups>
      <group name="smoke">
        <method signature="eCommerce_TC8_extentreport3.fillForm_ErrorValidation()[pri:0, instance:org.AppiumTestCases.eCommerce_TC8_extentreport3@63fdab07]" name="fillForm_ErrorValidation" class="org.AppiumTestCases.eCommerce_TC8_extentreport3"/>
      </group> <!-- smoke -->
    </groups>
    <test started-at="2024-11-19T02:33:29Z" name="Test" finished-at="2024-11-19T02:33:58Z" duration-ms="29066">
      <class name="org.AppiumTestCases.eCommerce_TC8_extentreport3">
        <test-method is-config="true" signature="ConfigureAppium()[pri:0, instance:org.AppiumTestCases.eCommerce_TC8_extentreport3@63fdab07]" started-at="2024-11-19T02:33:29Z" name="ConfigureAppium" finished-at="2024-11-19T02:33:45Z" duration-ms="16117" status="PASS">
          <reporter-output>
          </reporter-output>
        </test-method> <!-- ConfigureAppium -->
        <test-method is-config="true" signature="preSetup()[pri:0, instance:org.AppiumTestCases.eCommerce_TC8_extentreport3@63fdab07]" started-at="2024-11-19T02:33:45Z" name="preSetup" finished-at="2024-11-19T02:33:48Z" duration-ms="3092" status="PASS">
          <reporter-output>
          </reporter-output>
        </test-method> <!-- preSetup -->
        <test-method signature="fillForm_ErrorValidation()[pri:0, instance:org.AppiumTestCases.eCommerce_TC8_extentreport3@63fdab07]" started-at="2024-11-19T02:33:48Z" name="fillForm_ErrorValidation" finished-at="2024-11-19T02:33:58Z" duration-ms="9048" status="PASS">
          <reporter-output>
          </reporter-output>
        </test-method> <!-- fillForm_ErrorValidation -->
        <test-method is-config="true" signature="tearDown()[pri:0, instance:org.AppiumTestCases.eCommerce_TC8_extentreport3@63fdab07]" started-at="2024-11-19T02:33:58Z" name="tearDown" finished-at="2024-11-19T02:33:58Z" duration-ms="581" status="PASS">
          <reporter-output>
          </reporter-output>
        </test-method> <!-- tearDown -->
      </class> <!-- org.AppiumTestCases.eCommerce_TC8_extentreport3 -->
    </test> <!-- Test -->
  </suite> <!-- Suite -->
</testng-results>
